<?xml version="1.0" encoding="UTF-8"?>
<testsuite name="com.fullstack.workflow.bookstore.api.BookControllerTest" tests="1" skipped="0" failures="0" errors="0" timestamp="2025-01-24T15:40:44" hostname="Brus-Laptop.local" time="0.385">
  <properties/>
  <testcase name="getAllBooks_ReturnsListOfBooks()" classname="com.fullstack.workflow.bookstore.api.BookControllerTest" time="0.385"/>
  <system-out><![CDATA[21:10:44.495 [Test worker] INFO org.springframework.test.context.support.AnnotationConfigContextLoaderUtils -- Could not detect default configuration classes for test class [com.fullstack.workflow.bookstore.api.BookControllerTest]: BookControllerTest does not declare any static, non-private, non-final, nested classes annotated with @Configuration.
21:10:44.552 [Test worker] INFO org.springframework.boot.test.context.SpringBootTestContextBootstrapper -- Found @SpringBootConfiguration com.fullstack.workflow.bookstore.BookStoreApplication for test class com.fullstack.workflow.bookstore.api.BookControllerTest

  .   ____          _            __ _ _
 /\\ / ___'_ __ _ _(_)_ __  __ _ \ \ \ \
( ( )\___ | '_ | '_| | '_ \/ _` | \ \ \ \
 \\/  ___)| |_)| | | | | || (_| |  ) ) ) )
  '  |____| .__|_| |_|_| |_\__, | / / / /
 =========|_|==============|___/=/_/_/_/

 :: Spring Boot ::                (v3.4.1)

2025-01-24T21:10:44.674+05:30  INFO 67627 --- [BookStoreApplication] [    Test worker] c.f.w.bookstore.api.BookControllerTest   : Starting BookControllerTest using Java 23 with PID 67627 (started by bru in /Users/bru/Documents/Personal/BookStoreApplication)
2025-01-24T21:10:44.675+05:30  INFO 67627 --- [BookStoreApplication] [    Test worker] c.f.w.bookstore.api.BookControllerTest   : No active profile set, falling back to 1 default profile: "default"
2025-01-24T21:10:44.957+05:30  INFO 67627 --- [BookStoreApplication] [    Test worker] o.s.b.t.m.w.SpringBootMockServletContext : Initializing Spring TestDispatcherServlet ''
2025-01-24T21:10:44.957+05:30  INFO 67627 --- [BookStoreApplication] [    Test worker] o.s.t.web.servlet.TestDispatcherServlet  : Initializing Servlet ''
2025-01-24T21:10:44.958+05:30  INFO 67627 --- [BookStoreApplication] [    Test worker] o.s.t.web.servlet.TestDispatcherServlet  : Completed initialization in 0 ms
2025-01-24T21:10:44.969+05:30  INFO 67627 --- [BookStoreApplication] [    Test worker] c.f.w.bookstore.api.BookControllerTest   : Started BookControllerTest in 0.392 seconds (process running for 0.803)
]]></system-out>
  <system-err><![CDATA[Mockito is currently self-attaching to enable the inline-mock-maker. This will no longer work in future releases of the JDK. Please add Mockito as an agent to your build what is described in Mockito's documentation: https://javadoc.io/doc/org.mockito/mockito-core/latest/org/mockito/Mockito.html#0.3
WARNING: A Java agent has been loaded dynamically (/Users/bru/.gradle/caches/modules-2/files-2.1/net.bytebuddy/byte-buddy-agent/1.15.11/a38b16385e867f59a641330f0362ebe742788ed8/byte-buddy-agent-1.15.11.jar)
WARNING: If a serviceability tool is in use, please run with -XX:+EnableDynamicAgentLoading to hide this warning
WARNING: If a serviceability tool is not in use, please run with -Djdk.instrument.traceUsage for more information
WARNING: Dynamic loading of agents will be disallowed by default in a future release
]]></system-err>
</testsuite>
